{"uuid":"2538cd74-1c79-407c-ba3f-6c1546f33762","historyId":"80e0e5676f6f23011cc0abd3228c5bb3","fullName":"com.test.AddCreditCardTest.addCreditCardWithInvalidCVVNumber","labels":[{"name":"package","value":"com.test.AddCreditCardTest"},{"name":"testClass","value":"com.test.AddCreditCardTest"},{"name":"testMethod","value":"addCreditCardWithInvalidCVVNumber"},{"name":"parentSuite","value":"Default suite"},{"name":"suite","value":"Default test"},{"name":"subSuite","value":"com.test.AddCreditCardTest"},{"name":"host","value":"DESKTOP-FMIMKLK"},{"name":"thread","value":"6544@DESKTOP-FMIMKLK.pool-1-thread-1(16)"},{"name":"framework","value":"testng"},{"name":"language","value":"java"},{"name":"feature","value":"Feature : Add Credit Card with incorrect cvv number."},{"name":"story","value":"Story : Add the Credit Card with incorrect cvv number."},{"name":"severity","value":"critical"}],"links":[],"name":"Add the credit card with incorrect cvv number.","status":"broken","statusDetails":{"known":false,"muted":false,"flaky":false,"message":"JSONObject[\"cvvnumber\"] not found.","trace":"org.json.JSONException: JSONObject[\"cvvnumber\"] not found.\r\n\tat org.json.JSONObject.get(JSONObject.java:572)\r\n\tat org.json.JSONObject.getJSONObject(JSONObject.java:782)\r\n\tat com.test.AddCreditCardTest.addCreditCardWithInvalidCVVNumber(AddCreditCardTest.java:197)\r\n\tat java.base/jdk.internal.reflect.NativeMethodAccessorImpl.invoke0(Native Method)\r\n\tat java.base/jdk.internal.reflect.NativeMethodAccessorImpl.invoke(NativeMethodAccessorImpl.java:62)\r\n\tat java.base/jdk.internal.reflect.DelegatingMethodAccessorImpl.invoke(DelegatingMethodAccessorImpl.java:43)\r\n\tat java.base/java.lang.reflect.Method.invoke(Method.java:566)\r\n\tat org.testng.internal.MethodInvocationHelper.invokeMethod(MethodInvocationHelper.java:86)\r\n\tat org.testng.internal.Invoker.invokeMethod(Invoker.java:643)\r\n\tat org.testng.internal.Invoker.invokeTestMethod(Invoker.java:820)\r\n\tat org.testng.internal.Invoker.invokeTestMethods(Invoker.java:1128)\r\n\tat org.testng.internal.TestMethodWorker.invokeTestMethods(TestMethodWorker.java:129)\r\n\tat org.testng.internal.TestMethodWorker.run(TestMethodWorker.java:112)\r\n\tat org.testng.TestRunner.privateRun(TestRunner.java:782)\r\n\tat org.testng.TestRunner.run(TestRunner.java:632)\r\n\tat org.testng.SuiteRunner.runTest(SuiteRunner.java:366)\r\n\tat org.testng.SuiteRunner.runSequentially(SuiteRunner.java:361)\r\n\tat org.testng.SuiteRunner.privateRun(SuiteRunner.java:319)\r\n\tat org.testng.SuiteRunner.run(SuiteRunner.java:268)\r\n\tat org.testng.SuiteRunnerWorker.runSuite(SuiteRunnerWorker.java:52)\r\n\tat org.testng.SuiteRunnerWorker.run(SuiteRunnerWorker.java:86)\r\n\tat java.base/java.util.concurrent.ThreadPoolExecutor.runWorker(ThreadPoolExecutor.java:1128)\r\n\tat java.base/java.util.concurrent.ThreadPoolExecutor$Worker.run(ThreadPoolExecutor.java:628)\r\n\tat java.base/java.lang.Thread.run(Thread.java:834)\r\n"},"stage":"finished","description":"Add the credit card with incorrect cvv number.","steps":[{"name":"Add Credit Card with incorrect cvv number.","status":"broken","statusDetails":{"known":false,"muted":false,"flaky":false,"message":"JSONObject[\"cvvnumber\"] not found.","trace":"org.json.JSONException: JSONObject[\"cvvnumber\"] not found.\r\n\tat org.json.JSONObject.get(JSONObject.java:572)\r\n\tat org.json.JSONObject.getJSONObject(JSONObject.java:782)\r\n\tat com.test.AddCreditCardTest.addCreditCardWithInvalidCVVNumber(AddCreditCardTest.java:197)\r\n\tat java.base/jdk.internal.reflect.NativeMethodAccessorImpl.invoke0(Native Method)\r\n\tat java.base/jdk.internal.reflect.NativeMethodAccessorImpl.invoke(NativeMethodAccessorImpl.java:62)\r\n\tat java.base/jdk.internal.reflect.DelegatingMethodAccessorImpl.invoke(DelegatingMethodAccessorImpl.java:43)\r\n\tat java.base/java.lang.reflect.Method.invoke(Method.java:566)\r\n\tat org.testng.internal.MethodInvocationHelper.invokeMethod(MethodInvocationHelper.java:86)\r\n\tat org.testng.internal.Invoker.invokeMethod(Invoker.java:643)\r\n\tat org.testng.internal.Invoker.invokeTestMethod(Invoker.java:820)\r\n\tat org.testng.internal.Invoker.invokeTestMethods(Invoker.java:1128)\r\n\tat org.testng.internal.TestMethodWorker.invokeTestMethods(TestMethodWorker.java:129)\r\n\tat org.testng.internal.TestMethodWorker.run(TestMethodWorker.java:112)\r\n\tat org.testng.TestRunner.privateRun(TestRunner.java:782)\r\n\tat org.testng.TestRunner.run(TestRunner.java:632)\r\n\tat org.testng.SuiteRunner.runTest(SuiteRunner.java:366)\r\n\tat org.testng.SuiteRunner.runSequentially(SuiteRunner.java:361)\r\n\tat org.testng.SuiteRunner.privateRun(SuiteRunner.java:319)\r\n\tat org.testng.SuiteRunner.run(SuiteRunner.java:268)\r\n\tat org.testng.SuiteRunnerWorker.runSuite(SuiteRunnerWorker.java:52)\r\n\tat org.testng.SuiteRunnerWorker.run(SuiteRunnerWorker.java:86)\r\n\tat java.base/java.util.concurrent.ThreadPoolExecutor.runWorker(ThreadPoolExecutor.java:1128)\r\n\tat java.base/java.util.concurrent.ThreadPoolExecutor$Worker.run(ThreadPoolExecutor.java:628)\r\n\tat java.base/java.lang.Thread.run(Thread.java:834)\r\n"},"stage":"finished","steps":[],"attachments":[],"parameters":[],"start":1633628255554,"stop":1633628262288}],"attachments":[],"parameters":[],"start":1633628255521,"stop":1633628262291}