{"uuid":"8a433fa4-4ea9-473d-9da9-e054b780988e","historyId":"7756349f1d424b7a6ef252ba0b755597","fullName":"com.test.MakePaymentWithProfileTest.makePaymentWithProfile","labels":[{"name":"package","value":"com.test.MakePaymentWithProfileTest"},{"name":"testClass","value":"com.test.MakePaymentWithProfileTest"},{"name":"testMethod","value":"makePaymentWithProfile"},{"name":"parentSuite","value":"Default suite"},{"name":"suite","value":"Default test"},{"name":"subSuite","value":"com.test.MakePaymentWithProfileTest"},{"name":"host","value":"DESKTOP-FMIMKLK"},{"name":"thread","value":"12572@DESKTOP-FMIMKLK.pool-1-thread-1(16)"},{"name":"framework","value":"testng"},{"name":"language","value":"java"},{"name":"feature","value":"Feature : Make Payment With Profile"},{"name":"story","value":"Story : Make a credit card payment with profile. (With valid details)"},{"name":"severity","value":"critical"}],"links":[],"name":"Make Payment With Profile | POST","status":"broken","statusDetails":{"known":false,"muted":false,"flaky":false,"message":"JSONObject[\"paymentstatuskey\"] not found.","trace":"org.json.JSONException: JSONObject[\"paymentstatuskey\"] not found.\r\n\tat org.json.JSONObject.get(JSONObject.java:572)\r\n\tat com.test.MakePaymentWithProfileTest.makePaymentWithProfile(MakePaymentWithProfileTest.java:88)\r\n\tat java.base/jdk.internal.reflect.NativeMethodAccessorImpl.invoke0(Native Method)\r\n\tat java.base/jdk.internal.reflect.NativeMethodAccessorImpl.invoke(NativeMethodAccessorImpl.java:62)\r\n\tat java.base/jdk.internal.reflect.DelegatingMethodAccessorImpl.invoke(DelegatingMethodAccessorImpl.java:43)\r\n\tat java.base/java.lang.reflect.Method.invoke(Method.java:566)\r\n\tat org.testng.internal.MethodInvocationHelper.invokeMethod(MethodInvocationHelper.java:86)\r\n\tat org.testng.internal.Invoker.invokeMethod(Invoker.java:643)\r\n\tat org.testng.internal.Invoker.invokeTestMethod(Invoker.java:820)\r\n\tat org.testng.internal.Invoker.invokeTestMethods(Invoker.java:1128)\r\n\tat org.testng.internal.TestMethodWorker.invokeTestMethods(TestMethodWorker.java:129)\r\n\tat org.testng.internal.TestMethodWorker.run(TestMethodWorker.java:112)\r\n\tat org.testng.TestRunner.privateRun(TestRunner.java:782)\r\n\tat org.testng.TestRunner.run(TestRunner.java:632)\r\n\tat org.testng.SuiteRunner.runTest(SuiteRunner.java:366)\r\n\tat org.testng.SuiteRunner.runSequentially(SuiteRunner.java:361)\r\n\tat org.testng.SuiteRunner.privateRun(SuiteRunner.java:319)\r\n\tat org.testng.SuiteRunner.run(SuiteRunner.java:268)\r\n\tat org.testng.SuiteRunnerWorker.runSuite(SuiteRunnerWorker.java:52)\r\n\tat org.testng.SuiteRunnerWorker.run(SuiteRunnerWorker.java:86)\r\n\tat java.base/java.util.concurrent.ThreadPoolExecutor.runWorker(ThreadPoolExecutor.java:1128)\r\n\tat java.base/java.util.concurrent.ThreadPoolExecutor$Worker.run(ThreadPoolExecutor.java:628)\r\n\tat java.base/java.lang.Thread.run(Thread.java:834)\r\n"},"stage":"finished","description":"Make Payment With Profile.","steps":[{"name":"Make a credit card payment with profile. (With valid details)","status":"broken","statusDetails":{"known":false,"muted":false,"flaky":false,"message":"JSONObject[\"paymentstatuskey\"] not found.","trace":"org.json.JSONException: JSONObject[\"paymentstatuskey\"] not found.\r\n\tat org.json.JSONObject.get(JSONObject.java:572)\r\n\tat com.test.MakePaymentWithProfileTest.makePaymentWithProfile(MakePaymentWithProfileTest.java:88)\r\n\tat java.base/jdk.internal.reflect.NativeMethodAccessorImpl.invoke0(Native Method)\r\n\tat java.base/jdk.internal.reflect.NativeMethodAccessorImpl.invoke(NativeMethodAccessorImpl.java:62)\r\n\tat java.base/jdk.internal.reflect.DelegatingMethodAccessorImpl.invoke(DelegatingMethodAccessorImpl.java:43)\r\n\tat java.base/java.lang.reflect.Method.invoke(Method.java:566)\r\n\tat org.testng.internal.MethodInvocationHelper.invokeMethod(MethodInvocationHelper.java:86)\r\n\tat org.testng.internal.Invoker.invokeMethod(Invoker.java:643)\r\n\tat org.testng.internal.Invoker.invokeTestMethod(Invoker.java:820)\r\n\tat org.testng.internal.Invoker.invokeTestMethods(Invoker.java:1128)\r\n\tat org.testng.internal.TestMethodWorker.invokeTestMethods(TestMethodWorker.java:129)\r\n\tat org.testng.internal.TestMethodWorker.run(TestMethodWorker.java:112)\r\n\tat org.testng.TestRunner.privateRun(TestRunner.java:782)\r\n\tat org.testng.TestRunner.run(TestRunner.java:632)\r\n\tat org.testng.SuiteRunner.runTest(SuiteRunner.java:366)\r\n\tat org.testng.SuiteRunner.runSequentially(SuiteRunner.java:361)\r\n\tat org.testng.SuiteRunner.privateRun(SuiteRunner.java:319)\r\n\tat org.testng.SuiteRunner.run(SuiteRunner.java:268)\r\n\tat org.testng.SuiteRunnerWorker.runSuite(SuiteRunnerWorker.java:52)\r\n\tat org.testng.SuiteRunnerWorker.run(SuiteRunnerWorker.java:86)\r\n\tat java.base/java.util.concurrent.ThreadPoolExecutor.runWorker(ThreadPoolExecutor.java:1128)\r\n\tat java.base/java.util.concurrent.ThreadPoolExecutor$Worker.run(ThreadPoolExecutor.java:628)\r\n\tat java.base/java.lang.Thread.run(Thread.java:834)\r\n"},"stage":"finished","steps":[],"attachments":[],"parameters":[],"start":1633966209472,"stop":1633966218613}],"attachments":[],"parameters":[],"start":1633966209441,"stop":1633966218617}